ARM COMPILER V2.54a,  bmp_Maska                                                            20/08/10  17:30:49  PAGE 1   


ARM COMPILER V2.54a, COMPILATION OF MODULE bmp_Maska
OBJECT MODULE PLACED IN .\Obj\bmp_Maska.obj
COMPILER INVOKED BY: C:\Keil\ARM\BIN\CA.exe bmp_Maska.c ARM BROWSE INCDIR(..\..\INC;..\..\OBJ) DEBUG SYMBOLS PRINT(.\LST
                    -\BMP_MASKA.LST) TABS(4) OBJECT(.\Obj\bmp_Maska.obj) 

stmt  level    source

    1          // ------------------------------------------------------  
    2          // GLCD Picture name: logo pantech.bmp            
    3          // GLCD Model: KS0108 128x64            
    4          // ------------------------------------------------------  
    5          
    6          unsigned char const maska_bmp[1024] = {
    7             0,  0,  0,  0,  0,  0,  0,  0,  0,  0,  0,  0,  0,  0,  0,  0, 
    8             0,  0,  0,  0,  0,  0,  0,  0,  0,  0,  0,  0,  0,  0,  0,  0, 
    9             0,  0,  0,  0,  0,  0,  0,  0,  0,  0,  0,  0,  0,  0,  0,  0, 
   10             0,  0,  0,  0,  0,  0,  0,  0,  0,  0,  0,  0,  0,  0,  0,  0, 
   11             0,  0,  0,  0,  0,  0,  0,  0,  0,  0,  0,  0,  0,  0,  0,  0, 
   12             0,  0,  0,  0,  0,  0,  0,  0,  0,  0,  0,  0,  0,  0,  0,  0, 
   13             0,  0,  0,  0,  0,  0,  0,  0,  0,  0,  0,  0,  0,  0,  0,  0, 
   14             0,  0,  0,  0,  0,  0,  0,  0,  0,  0,  0,  0,  0,  0,  0,  0, 
   15             0,  0,  0,  0,  0,  0,  0,  0,  0,  0,  0,  0,  0,  0,  0,192, 
   16           192,192,192,192,192,192,192,192,192,192,192,192,192,192,192,192, 
   17           192,192,192,192,192,192,192,192,192,192,  0,  0,  0,  0,  0,  0, 
   18             0,  0,  0,  0,  0,  0,  0,  0,  0,  0,  0,  0,  0,  0,  0,  0, 
   19             0,  0,  0,  0,  0,  0,  0,  0,  0,  0,  0,  0,  0,  0,192,224, 
   20           192,  0,  0,  0,  0,  0,  0,  0,  0,  0,  0,  0,  0,  0,  0,  0, 
   21             0,  0,  0,  0,  0,  0,  0,  0,  0,  0,  0,  0,  0,  0,  0,  0, 
   22             0,  0,  0,  0,  0,  0,  0,  0,  0,  0,  0,  0,  0,  0,  0,  0, 
   23             0,  0,  0,  0,  0,  0,  0,  0,  0,  0,  0,  0,  0,  0,  0,255, 
   24           255,255,255,255,255,255,255,255,255,255,255,255,255,255,255,255, 
   25           255,255,255,255,255,255,255,255,255,255,  0,  0,  0,  0,  0,  0, 
   26             0,  0,  0,  0,  0,  0,  0,  0,  0,  0,  0,  0,  0,  0,  0,  0, 
   27             0,  0,  0,  0,  0,224,240,240,248,252,252,254,255,255,255,255, 
   28           255,255,252,240,192,128,  0,  0,  0,  0,  0,  0,  0,  0,  0,  0, 
   29             0,  0,  0,  0,  0,  0,  0,  0,  0,  0,  0,  0,  0,  0,  0,  0, 
   30             0,  0,  0,  0,  0,  0,  0,  0,  0,  0,  0,  0,  0,  0,  0,  0, 
   31             0,  0,  0,  0,  0,  0,  0,  0,  0,  0,  0,  0,  0,  0,  0,  3, 
   32             3,  3,  3,  3,  3,  3,  3,  3,  3,  3,  3,  3,  3,  3,  3,  3, 
   33             3,  3,  3,  3,  3,  3,  3,  3,  3,  3,  0,  0,  0,  0,  0,  0, 
   34             0,  0,  0,  0,  0,  0,  0,  0,  0,  0,  0,  0,  0,  0,  0,  0, 
   35             0,  0,  0,  0,254,255,255,255,255,255,255,255,255,255,255,255, 
   36           255,255,255,255,255,255,254,248,224,128,  0,  0,  0,  0,  0,  0, 
   37             0,  0,  0,  0,  0,  0,  0,  0,  0,  0,  0,  0,  0,  0,  0,  0, 
   38             0,  0,  0,  0,  0,  0,  0,  0,  0,  0,  0,  0,  0,  0,  0,  0, 
   39             0,  0,  0,  0,  0,  0,  0,  0,  0,  0,  0,  0,  0,  0,  0,  0, 
   40             0,  0,  0,  0,  0,  0,  0,  0,  0,  0,  0,  0,  0,  0,  0,  0, 
   41             0,  0,  0,  0,  0,  0,  0,  0,  0,  0,  0,  0,  0,  0,  0,  0, 
   42             0,  0,  0,  0,  0,  0,  0,  0,  0,  0,  0,  0,  0,  0,  0,  0, 
   43             0,  0,  0, 62, 63,127,127,127,255,255,255,255,255,255,255,255, 
   44           255,255,255,255,255,255,255,255,255,255,255,252,240,192,  0,  0, 
   45             0,  0,  0,  0,  0,  0,  0,  0,  0,  0,  0,  0,  0,  0,  0,  0, 
   46             0,  0,  0,  0,  0,  0,  0,  0,  0,  0,  0,  0,  0,  0,  0,  0, 
   47             0,  0,  0,  0,  0,  0,  0,  0,  0,  0,  0,  0,  0,  0,  0,  0, 
   48             0,  0,  0,  0,  0,  0,  0,128,224,248,248,252,254,254,254,254, 
   49           254,254,254,254,254,254,252,248,248,224,192,  0,  0,  0,  0,  0, 
   50             0,  0,  0,  0,  0,  0,  0,  0,  0,  0,  0,  0,  0,  0,  0,  0, 
   51             0,  0,  0,  0,  0,  0,  0,  0,  0,  0,  1,  1,  1,  1,  1,  1, 
   52             1,  1,  1,  1,  1,  1,  1,  1,  1,  1,  1,  1,  1,  1,  1,  0, 
   53             0,  0,  0,  0,  0,  0,  0,  0,  0,  0,  0,  0,  0,  0,  0,  0, 
   54             0,  0,  0,  0,  0,  0,  0,  0,  0,  0,  0,  0,  0,  0,  0,  0, 
   55             0,  0,  0,  0,  0,  0,  0,  0,  0,  0,  0,  0,  0,  0,  0,  0, 
   56             0,  0,  0,  0,  0,  0,  0,  7, 31,127,127,255,255,255,255,255, 
   57           255,255,255,255,255,255,255,127,127, 31, 15,  0,  0,  0,  0,  0, 
   58             0,  0,  0,  0,  0,  0,  0,  0,  0,  0,  0,  0,  0,  0,  0,  0, 
ARM COMPILER V2.54a,  bmp_Maska                                                            20/08/10  17:30:49  PAGE 2   

   59             0,  0,  0,  0,  0,  0,  0,  0,  0,  0,  0,  0,  0,  0,  0,  0, 
   60             0,  0,  0,  0,  0,  0,  0,  0,  0,  0,  0,  0,  0,  0,  0,  0, 
   61             0,  0,  0,  0,  0,  0,  0,  0,  0,  0,  0,  0,  0,  0,  0,  0, 
   62             0,  0,  0,  0,  0,  0,  0,  0,  0,  0,  0,  0,  0,  0,  0,  0, 
   63             0,  0,  0,  0,  0,  0,  0,  0,  0,  0,  0,  0,  0,  0,  0,  0, 
   64             0,  0,  0,  0,  0,  0,  0,  0,  0,  0,  0,  0,  1,  1,  1,  1, 
   65             1,  1,  1,  1,  1,  1,  0,  0,  0,  0,  0,  0,  0,  0,  0,  0, 
   66             0,  0,  0,  0,  0,  0,  0,  0,  0,  0,  0,  0,  0,  0,  0,  0, 
   67             0,  0,  0,  0,  0,  0,  0,  0,  0,  0,  0,  0,  0,  0,  0,  0, 
   68             0,  0,  0,  0,  0,  0,  0,  0,  0,  0,  0,  0,  0,  0,  0,  0, 
   69             0,  0,  0,  0,  0,  0,  0,  0,  0,  0,  0,  0,  0,  0,  0,  0, 
   70             0,  0,  0,  0,  0,  0,  0,  0,  0,  0,  0,  0,  0,  0,  0,  0 
   71          };
   72          
   73          
ARM COMPILER V2.54a,  bmp_Maska                                                            20/08/10  17:30:49  PAGE 3   

ASSEMBLY LISTING OF GENERATED OBJECT CODE



*** PUBLICS:
 PUBLIC         maska_bmp



*** DATA SEGMENT '?CON?bmp_Maska':
 00000000          maska_bmp:
 00000000           BEGIN_INIT
 00000000  00        DB          0x0
 00000001  00        DB          0x0
 00000002  00        DB          0x0
 00000003  00        DB          0x0
 00000004  00        DB          0x0
 00000005  00        DB          0x0
 00000006  00        DB          0x0
 00000007  00        DB          0x0
 00000008  00        DB          0x0
 00000009  00        DB          0x0
 0000000A  00        DB          0x0
 0000000B  00        DB          0x0
 0000000C  00        DB          0x0
 0000000D  00        DB          0x0
 0000000E  00        DB          0x0
 0000000F  00        DB          0x0
 00000010  00        DB          0x0
 00000011  00        DB          0x0
 00000012  00        DB          0x0
 00000013  00        DB          0x0
 00000014  00        DB          0x0
 00000015  00        DB          0x0
 00000016  00        DB          0x0
 00000017  00        DB          0x0
 00000018  00        DB          0x0
 00000019  00        DB          0x0
 0000001A  00        DB          0x0
 0000001B  00        DB          0x0
 0000001C  00        DB          0x0
 0000001D  00        DB          0x0
 0000001E  00        DB          0x0
 0000001F  00        DB          0x0
 00000020  00        DB          0x0
 00000021  00        DB          0x0
 00000022  00        DB          0x0
 00000023  00        DB          0x0
 00000024  00        DB          0x0
 00000025  00        DB          0x0
 00000026  00        DB          0x0
 00000027  00        DB          0x0
 00000028  00        DB          0x0
 00000029  00        DB          0x0
 0000002A  00        DB          0x0
 0000002B  00        DB          0x0
 0000002C  00        DB          0x0
 0000002D  00        DB          0x0
 0000002E  00        DB          0x0
 0000002F  00        DB          0x0
 00000030  00        DB          0x0
 00000031  00        DB          0x0
 00000032  00        DB          0x0
 00000033  00        DB          0x0
 00000034  00        DB          0x0
 00000035  00        DB          0x0
 00000036  00        DB          0x0
 00000037  00        DB          0x0
 00000038  00        DB          0x0
ARM COMPILER V2.54a,  bmp_Maska                                                            20/08/10  17:30:49  PAGE 4   

 00000039  00        DB          0x0
 0000003A  00        DB          0x0
 0000003B  00        DB          0x0
 0000003C  00        DB          0x0
 0000003D  00        DB          0x0
 0000003E  00        DB          0x0
 0000003F  00        DB          0x0
 00000040  00        DB          0x0
 00000041  00        DB          0x0
 00000042  00        DB          0x0
 00000043  00        DB          0x0
 00000044  00        DB          0x0
 00000045  00        DB          0x0
 00000046  00        DB          0x0
 00000047  00        DB          0x0
 00000048  00        DB          0x0
 00000049  00        DB          0x0
 0000004A  00        DB          0x0
 0000004B  00        DB          0x0
 0000004C  00        DB          0x0
 0000004D  00        DB          0x0
 0000004E  00        DB          0x0
 0000004F  00        DB          0x0
 00000050  00        DB          0x0
 00000051  00        DB          0x0
 00000052  00        DB          0x0
 00000053  00        DB          0x0
 00000054  00        DB          0x0
 00000055  00        DB          0x0
 00000056  00        DB          0x0
 00000057  00        DB          0x0
 00000058  00        DB          0x0
 00000059  00        DB          0x0
 0000005A  00        DB          0x0
 0000005B  00        DB          0x0
 0000005C  00        DB          0x0
 0000005D  00        DB          0x0
 0000005E  00        DB          0x0
 0000005F  00        DB          0x0
 00000060  00        DB          0x0
 00000061  00        DB          0x0
 00000062  00        DB          0x0
 00000063  00        DB          0x0
 00000064  00        DB          0x0
 00000065  00        DB          0x0
 00000066  00        DB          0x0
 00000067  00        DB          0x0
 00000068  00        DB          0x0
 00000069  00        DB          0x0
 0000006A  00        DB          0x0
 0000006B  00        DB          0x0
 0000006C  00        DB          0x0
 0000006D  00        DB          0x0
 0000006E  00        DB          0x0
 0000006F  00        DB          0x0
 00000070  00        DB          0x0
 00000071  00        DB          0x0
 00000072  00        DB          0x0
 00000073  00        DB          0x0
 00000074  00        DB          0x0
 00000075  00        DB          0x0
 00000076  00        DB          0x0
 00000077  00        DB          0x0
 00000078  00        DB          0x0
 00000079  00        DB          0x0
 0000007A  00        DB          0x0
ARM COMPILER V2.54a,  bmp_Maska                                                            20/08/10  17:30:49  PAGE 5   

 0000007B  00        DB          0x0
 0000007C  00        DB          0x0
 0000007D  00        DB          0x0
 0000007E  00        DB          0x0
 0000007F  00        DB          0x0
 00000080  00        DB          0x0
 00000081  00        DB          0x0
 00000082  00        DB          0x0
 00000083  00        DB          0x0
 00000084  00        DB          0x0
 00000085  00        DB          0x0
 00000086  00        DB          0x0
 00000087  00        DB          0x0
 00000088  00        DB          0x0
 00000089  00        DB          0x0
 0000008A  00        DB          0x0
 0000008B  00        DB          0x0
 0000008C  00        DB          0x0
 0000008D  00        DB          0x0
 0000008E  00        DB          0x0
 0000008F  C0        DB          0xC0
 00000090  C0        DB          0xC0
 00000091  C0        DB          0xC0
 00000092  C0        DB          0xC0
 00000093  C0        DB          0xC0
 00000094  C0        DB          0xC0
 00000095  C0        DB          0xC0
 00000096  C0        DB          0xC0
 00000097  C0        DB          0xC0
 00000098  C0        DB          0xC0
 00000099  C0        DB          0xC0
 0000009A  C0        DB          0xC0
 0000009B  C0        DB          0xC0
 0000009C  C0        DB          0xC0
 0000009D  C0        DB          0xC0
 0000009E  C0        DB          0xC0
 0000009F  C0        DB          0xC0
 000000A0  C0        DB          0xC0
 000000A1  C0        DB          0xC0
 000000A2  C0        DB          0xC0
 000000A3  C0        DB          0xC0
 000000A4  C0        DB          0xC0
 000000A5  C0        DB          0xC0
 000000A6  C0        DB          0xC0
 000000A7  C0        DB          0xC0
 000000A8  C0        DB          0xC0
 000000A9  C0        DB          0xC0
 000000AA  00        DB          0x0
 000000AB  00        DB          0x0
 000000AC  00        DB          0x0
 000000AD  00        DB          0x0
 000000AE  00        DB          0x0
 000000AF  00        DB          0x0
 000000B0  00        DB          0x0
 000000B1  00        DB          0x0
 000000B2  00        DB          0x0
 000000B3  00        DB          0x0
 000000B4  00        DB          0x0
 000000B5  00        DB          0x0
 000000B6  00        DB          0x0
 000000B7  00        DB          0x0
 000000B8  00        DB          0x0
 000000B9  00        DB          0x0
 000000BA  00        DB          0x0
 000000BB  00        DB          0x0
 000000BC  00        DB          0x0
ARM COMPILER V2.54a,  bmp_Maska                                                            20/08/10  17:30:49  PAGE 6   

 000000BD  00        DB          0x0
 000000BE  00        DB          0x0
 000000BF  00        DB          0x0
 000000C0  00        DB          0x0
 000000C1  00        DB          0x0
 000000C2  00        DB          0x0
 000000C3  00        DB          0x0
 000000C4  00        DB          0x0
 000000C5  00        DB          0x0
 000000C6  00        DB          0x0
 000000C7  00        DB          0x0
 000000C8  00        DB          0x0
 000000C9  00        DB          0x0
 000000CA  00        DB          0x0
 000000CB  00        DB          0x0
 000000CC  00        DB          0x0
 000000CD  00        DB          0x0
 000000CE  C0        DB          0xC0
 000000CF  E0        DB          0xE0
 000000D0  C0        DB          0xC0
 000000D1  00        DB          0x0
 000000D2  00        DB          0x0
 000000D3  00        DB          0x0
 000000D4  00        DB          0x0
 000000D5  00        DB          0x0
 000000D6  00        DB          0x0
 000000D7  00        DB          0x0
 000000D8  00        DB          0x0
 000000D9  00        DB          0x0
 000000DA  00        DB          0x0
 000000DB  00        DB          0x0
 000000DC  00        DB          0x0
 000000DD  00        DB          0x0
 000000DE  00        DB          0x0
 000000DF  00        DB          0x0
 000000E0  00        DB          0x0
 000000E1  00        DB          0x0
 000000E2  00        DB          0x0
 000000E3  00        DB          0x0
 000000E4  00        DB          0x0
 000000E5  00        DB          0x0
 000000E6  00        DB          0x0
 000000E7  00        DB          0x0
 000000E8  00        DB          0x0
 000000E9  00        DB          0x0
 000000EA  00        DB          0x0
 000000EB  00        DB          0x0
 000000EC  00        DB          0x0
 000000ED  00        DB          0x0
 000000EE  00        DB          0x0
 000000EF  00        DB          0x0
 000000F0  00        DB          0x0
 000000F1  00        DB          0x0
 000000F2  00        DB          0x0
 000000F3  00        DB          0x0
 000000F4  00        DB          0x0
 000000F5  00        DB          0x0
 000000F6  00        DB          0x0
 000000F7  00        DB          0x0
 000000F8  00        DB          0x0
 000000F9  00        DB          0x0
 000000FA  00        DB          0x0
 000000FB  00        DB          0x0
 000000FC  00        DB          0x0
 000000FD  00        DB          0x0
 000000FE  00        DB          0x0
ARM COMPILER V2.54a,  bmp_Maska                                                            20/08/10  17:30:49  PAGE 7   

 000000FF  00        DB          0x0
 00000100  00        DB          0x0
 00000101  00        DB          0x0
 00000102  00        DB          0x0
 00000103  00        DB          0x0
 00000104  00        DB          0x0
 00000105  00        DB          0x0
 00000106  00        DB          0x0
 00000107  00        DB          0x0
 00000108  00        DB          0x0
 00000109  00        DB          0x0
 0000010A  00        DB          0x0
 0000010B  00        DB          0x0
 0000010C  00        DB          0x0
 0000010D  00        DB          0x0
 0000010E  00        DB          0x0
 0000010F  FF        DB          0xFF
 00000110  FF        DB          0xFF
 00000111  FF        DB          0xFF
 00000112  FF        DB          0xFF
 00000113  FF        DB          0xFF
 00000114  FF        DB          0xFF
 00000115  FF        DB          0xFF
 00000116  FF        DB          0xFF
 00000117  FF        DB          0xFF
 00000118  FF        DB          0xFF
 00000119  FF        DB          0xFF
 0000011A  FF        DB          0xFF
 0000011B  FF        DB          0xFF
 0000011C  FF        DB          0xFF
 0000011D  FF        DB          0xFF
 0000011E  FF        DB          0xFF
 0000011F  FF        DB          0xFF
 00000120  FF        DB          0xFF
 00000121  FF        DB          0xFF
 00000122  FF        DB          0xFF
 00000123  FF        DB          0xFF
 00000124  FF        DB          0xFF
 00000125  FF        DB          0xFF
 00000126  FF        DB          0xFF
 00000127  FF        DB          0xFF
 00000128  FF        DB          0xFF
 00000129  FF        DB          0xFF
 0000012A  00        DB          0x0
 0000012B  00        DB          0x0
 0000012C  00        DB          0x0
 0000012D  00        DB          0x0
 0000012E  00        DB          0x0
 0000012F  00        DB          0x0
 00000130  00        DB          0x0
 00000131  00        DB          0x0
 00000132  00        DB          0x0
 00000133  00        DB          0x0
 00000134  00        DB          0x0
 00000135  00        DB          0x0
 00000136  00        DB          0x0
 00000137  00        DB          0x0
 00000138  00        DB          0x0
 00000139  00        DB          0x0
 0000013A  00        DB          0x0
 0000013B  00        DB          0x0
 0000013C  00        DB          0x0
 0000013D  00        DB          0x0
 0000013E  00        DB          0x0
 0000013F  00        DB          0x0
 00000140  00        DB          0x0
ARM COMPILER V2.54a,  bmp_Maska                                                            20/08/10  17:30:49  PAGE 8   

 00000141  00        DB          0x0
 00000142  00        DB          0x0
 00000143  00        DB          0x0
 00000144  00        DB          0x0
 00000145  E0        DB          0xE0
 00000146  F0        DB          0xF0
 00000147  F0        DB          0xF0
 00000148  F8        DB          0xF8
 00000149  FC        DB          0xFC
 0000014A  FC        DB          0xFC
 0000014B  FE        DB          0xFE
 0000014C  FF        DB          0xFF
 0000014D  FF        DB          0xFF
 0000014E  FF        DB          0xFF
 0000014F  FF        DB          0xFF
 00000150  FF        DB          0xFF
 00000151  FF        DB          0xFF
 00000152  FC        DB          0xFC
 00000153  F0        DB          0xF0
 00000154  C0        DB          0xC0
 00000155  80        DB          0x80
 00000156  00        DB          0x0
 00000157  00        DB          0x0
 00000158  00        DB          0x0
 00000159  00        DB          0x0
 0000015A  00        DB          0x0
 0000015B  00        DB          0x0
 0000015C  00        DB          0x0
 0000015D  00        DB          0x0
 0000015E  00        DB          0x0
 0000015F  00        DB          0x0
 00000160  00        DB          0x0
 00000161  00        DB          0x0
 00000162  00        DB          0x0
 00000163  00        DB          0x0
 00000164  00        DB          0x0
 00000165  00        DB          0x0
 00000166  00        DB          0x0
 00000167  00        DB          0x0
 00000168  00        DB          0x0
 00000169  00        DB          0x0
 0000016A  00        DB          0x0
 0000016B  00        DB          0x0
 0000016C  00        DB          0x0
 0000016D  00        DB          0x0
 0000016E  00        DB          0x0
 0000016F  00        DB          0x0
 00000170  00        DB          0x0
 00000171  00        DB          0x0
 00000172  00        DB          0x0
 00000173  00        DB          0x0
 00000174  00        DB          0x0
 00000175  00        DB          0x0
 00000176  00        DB          0x0
 00000177  00        DB          0x0
 00000178  00        DB          0x0
 00000179  00        DB          0x0
 0000017A  00        DB          0x0
 0000017B  00        DB          0x0
 0000017C  00        DB          0x0
 0000017D  00        DB          0x0
 0000017E  00        DB          0x0
 0000017F  00        DB          0x0
 00000180  00        DB          0x0
 00000181  00        DB          0x0
 00000182  00        DB          0x0
ARM COMPILER V2.54a,  bmp_Maska                                                            20/08/10  17:30:49  PAGE 9   

 00000183  00        DB          0x0
 00000184  00        DB          0x0
 00000185  00        DB          0x0
 00000186  00        DB          0x0
 00000187  00        DB          0x0
 00000188  00        DB          0x0
 00000189  00        DB          0x0
 0000018A  00        DB          0x0
 0000018B  00        DB          0x0
 0000018C  00        DB          0x0
 0000018D  00        DB          0x0
 0000018E  00        DB          0x0
 0000018F  03        DB          0x3
 00000190  03        DB          0x3
 00000191  03        DB          0x3
 00000192  03        DB          0x3
 00000193  03        DB          0x3
 00000194  03        DB          0x3
 00000195  03        DB          0x3
 00000196  03        DB          0x3
 00000197  03        DB          0x3
 00000198  03        DB          0x3
 00000199  03        DB          0x3
 0000019A  03        DB          0x3
 0000019B  03        DB          0x3
 0000019C  03        DB          0x3
 0000019D  03        DB          0x3
 0000019E  03        DB          0x3
 0000019F  03        DB          0x3
 000001A0  03        DB          0x3
 000001A1  03        DB          0x3
 000001A2  03        DB          0x3
 000001A3  03        DB          0x3
 000001A4  03        DB          0x3
 000001A5  03        DB          0x3
 000001A6  03        DB          0x3
 000001A7  03        DB          0x3
 000001A8  03        DB          0x3
 000001A9  03        DB          0x3
 000001AA  00        DB          0x0
 000001AB  00        DB          0x0
 000001AC  00        DB          0x0
 000001AD  00        DB          0x0
 000001AE  00        DB          0x0
 000001AF  00        DB          0x0
 000001B0  00        DB          0x0
 000001B1  00        DB          0x0
 000001B2  00        DB          0x0
 000001B3  00        DB          0x0
 000001B4  00        DB          0x0
 000001B5  00        DB          0x0
 000001B6  00        DB          0x0
 000001B7  00        DB          0x0
 000001B8  00        DB          0x0
 000001B9  00        DB          0x0
 000001BA  00        DB          0x0
 000001BB  00        DB          0x0
 000001BC  00        DB          0x0
 000001BD  00        DB          0x0
 000001BE  00        DB          0x0
 000001BF  00        DB          0x0
 000001C0  00        DB          0x0
 000001C1  00        DB          0x0
 000001C2  00        DB          0x0
 000001C3  00        DB          0x0
 000001C4  FE        DB          0xFE
ARM COMPILER V2.54a,  bmp_Maska                                                            20/08/10  17:30:49  PAGE 10  

 000001C5  FF        DB          0xFF
 000001C6  FF        DB          0xFF
 000001C7  FF        DB          0xFF
 000001C8  FF        DB          0xFF
 000001C9  FF        DB          0xFF
 000001CA  FF        DB          0xFF
 000001CB  FF        DB          0xFF
 000001CC  FF        DB          0xFF
 000001CD  FF        DB          0xFF
 000001CE  FF        DB          0xFF
 000001CF  FF        DB          0xFF
 000001D0  FF        DB          0xFF
 000001D1  FF        DB          0xFF
 000001D2  FF        DB          0xFF
 000001D3  FF        DB          0xFF
 000001D4  FF        DB          0xFF
 000001D5  FF        DB          0xFF
 000001D6  FE        DB          0xFE
 000001D7  F8        DB          0xF8
 000001D8  E0        DB          0xE0
 000001D9  80        DB          0x80
 000001DA  00        DB          0x0
 000001DB  00        DB          0x0
 000001DC  00        DB          0x0
 000001DD  00        DB          0x0
 000001DE  00        DB          0x0
 000001DF  00        DB          0x0
 000001E0  00        DB          0x0
 000001E1  00        DB          0x0
 000001E2  00        DB          0x0
 000001E3  00        DB          0x0
 000001E4  00        DB          0x0
 000001E5  00        DB          0x0
 000001E6  00        DB          0x0
 000001E7  00        DB          0x0
 000001E8  00        DB          0x0
 000001E9  00        DB          0x0
 000001EA  00        DB          0x0
 000001EB  00        DB          0x0
 000001EC  00        DB          0x0
 000001ED  00        DB          0x0
 000001EE  00        DB          0x0
 000001EF  00        DB          0x0
 000001F0  00        DB          0x0
 000001F1  00        DB          0x0
 000001F2  00        DB          0x0
 000001F3  00        DB          0x0
 000001F4  00        DB          0x0
 000001F5  00        DB          0x0
 000001F6  00        DB          0x0
 000001F7  00        DB          0x0
 000001F8  00        DB          0x0
 000001F9  00        DB          0x0
 000001FA  00        DB          0x0
 000001FB  00        DB          0x0
 000001FC  00        DB          0x0
 000001FD  00        DB          0x0
 000001FE  00        DB          0x0
 000001FF  00        DB          0x0
 00000200  00        DB          0x0
 00000201  00        DB          0x0
 00000202  00        DB          0x0
 00000203  00        DB          0x0
 00000204  00        DB          0x0
 00000205  00        DB          0x0
 00000206  00        DB          0x0
ARM COMPILER V2.54a,  bmp_Maska                                                            20/08/10  17:30:49  PAGE 11  

 00000207  00        DB          0x0
 00000208  00        DB          0x0
 00000209  00        DB          0x0
 0000020A  00        DB          0x0
 0000020B  00        DB          0x0
 0000020C  00        DB          0x0
 0000020D  00        DB          0x0
 0000020E  00        DB          0x0
 0000020F  00        DB          0x0
 00000210  00        DB          0x0
 00000211  00        DB          0x0
 00000212  00        DB          0x0
 00000213  00        DB          0x0
 00000214  00        DB          0x0
 00000215  00        DB          0x0
 00000216  00        DB          0x0
 00000217  00        DB          0x0
 00000218  00        DB          0x0
 00000219  00        DB          0x0
 0000021A  00        DB          0x0
 0000021B  00        DB          0x0
 0000021C  00        DB          0x0
 0000021D  00        DB          0x0
 0000021E  00        DB          0x0
 0000021F  00        DB          0x0
 00000220  00        DB          0x0
 00000221  00        DB          0x0
 00000222  00        DB          0x0
 00000223  00        DB          0x0
 00000224  00        DB          0x0
 00000225  00        DB          0x0
 00000226  00        DB          0x0
 00000227  00        DB          0x0
 00000228  00        DB          0x0
 00000229  00        DB          0x0
 0000022A  00        DB          0x0
 0000022B  00        DB          0x0
 0000022C  00        DB          0x0
 0000022D  00        DB          0x0
 0000022E  00        DB          0x0
 0000022F  00        DB          0x0
 00000230  00        DB          0x0
 00000231  00        DB          0x0
 00000232  00        DB          0x0
 00000233  00        DB          0x0
 00000234  00        DB          0x0
 00000235  00        DB          0x0
 00000236  00        DB          0x0
 00000237  00        DB          0x0
 00000238  00        DB          0x0
 00000239  00        DB          0x0
 0000023A  00        DB          0x0
 0000023B  00        DB          0x0
 0000023C  00        DB          0x0
 0000023D  00        DB          0x0
 0000023E  00        DB          0x0
 0000023F  00        DB          0x0
 00000240  00        DB          0x0
 00000241  00        DB          0x0
 00000242  00        DB          0x0
 00000243  3E        DB          0x3E
 00000244  3F        DB          0x3F
 00000245  7F        DB          0x7F
 00000246  7F        DB          0x7F
 00000247  7F        DB          0x7F
 00000248  FF        DB          0xFF
ARM COMPILER V2.54a,  bmp_Maska                                                            20/08/10  17:30:49  PAGE 12  

 00000249  FF        DB          0xFF
 0000024A  FF        DB          0xFF
 0000024B  FF        DB          0xFF
 0000024C  FF        DB          0xFF
 0000024D  FF        DB          0xFF
 0000024E  FF        DB          0xFF
 0000024F  FF        DB          0xFF
 00000250  FF        DB          0xFF
 00000251  FF        DB          0xFF
 00000252  FF        DB          0xFF
 00000253  FF        DB          0xFF
 00000254  FF        DB          0xFF
 00000255  FF        DB          0xFF
 00000256  FF        DB          0xFF
 00000257  FF        DB          0xFF
 00000258  FF        DB          0xFF
 00000259  FF        DB          0xFF
 0000025A  FF        DB          0xFF
 0000025B  FC        DB          0xFC
 0000025C  F0        DB          0xF0
 0000025D  C0        DB          0xC0
 0000025E  00        DB          0x0
 0000025F  00        DB          0x0
 00000260  00        DB          0x0
 00000261  00        DB          0x0
 00000262  00        DB          0x0
 00000263  00        DB          0x0
 00000264  00        DB          0x0
 00000265  00        DB          0x0
 00000266  00        DB          0x0
 00000267  00        DB          0x0
 00000268  00        DB          0x0
 00000269  00        DB          0x0
 0000026A  00        DB          0x0
 0000026B  00        DB          0x0
 0000026C  00        DB          0x0
 0000026D  00        DB          0x0
 0000026E  00        DB          0x0
 0000026F  00        DB          0x0
 00000270  00        DB          0x0
 00000271  00        DB          0x0
 00000272  00        DB          0x0
 00000273  00        DB          0x0
 00000274  00        DB          0x0
 00000275  00        DB          0x0
 00000276  00        DB          0x0
 00000277  00        DB          0x0
 00000278  00        DB          0x0
 00000279  00        DB          0x0
 0000027A  00        DB          0x0
 0000027B  00        DB          0x0
 0000027C  00        DB          0x0
 0000027D  00        DB          0x0
 0000027E  00        DB          0x0
 0000027F  00        DB          0x0
 00000280  00        DB          0x0
 00000281  00        DB          0x0
 00000282  00        DB          0x0
 00000283  00        DB          0x0
 00000284  00        DB          0x0
 00000285  00        DB          0x0
 00000286  00        DB          0x0
 00000287  00        DB          0x0
 00000288  00        DB          0x0
 00000289  00        DB          0x0
 0000028A  00        DB          0x0
ARM COMPILER V2.54a,  bmp_Maska                                                            20/08/10  17:30:49  PAGE 13  

 0000028B  00        DB          0x0
 0000028C  00        DB          0x0
 0000028D  00        DB          0x0
 0000028E  00        DB          0x0
 0000028F  00        DB          0x0
 00000290  00        DB          0x0
 00000291  00        DB          0x0
 00000292  00        DB          0x0
 00000293  00        DB          0x0
 00000294  00        DB          0x0
 00000295  00        DB          0x0
 00000296  00        DB          0x0
 00000297  80        DB          0x80
 00000298  E0        DB          0xE0
 00000299  F8        DB          0xF8
 0000029A  F8        DB          0xF8
 0000029B  FC        DB          0xFC
 0000029C  FE        DB          0xFE
 0000029D  FE        DB          0xFE
 0000029E  FE        DB          0xFE
 0000029F  FE        DB          0xFE
 000002A0  FE        DB          0xFE
 000002A1  FE        DB          0xFE
 000002A2  FE        DB          0xFE
 000002A3  FE        DB          0xFE
 000002A4  FE        DB          0xFE
 000002A5  FE        DB          0xFE
 000002A6  FC        DB          0xFC
 000002A7  F8        DB          0xF8
 000002A8  F8        DB          0xF8
 000002A9  E0        DB          0xE0
 000002AA  C0        DB          0xC0
 000002AB  00        DB          0x0
 000002AC  00        DB          0x0
 000002AD  00        DB          0x0
 000002AE  00        DB          0x0
 000002AF  00        DB          0x0
 000002B0  00        DB          0x0
 000002B1  00        DB          0x0
 000002B2  00        DB          0x0
 000002B3  00        DB          0x0
 000002B4  00        DB          0x0
 000002B5  00        DB          0x0
 000002B6  00        DB          0x0
 000002B7  00        DB          0x0
 000002B8  00        DB          0x0
 000002B9  00        DB          0x0
 000002BA  00        DB          0x0
 000002BB  00        DB          0x0
 000002BC  00        DB          0x0
 000002BD  00        DB          0x0
 000002BE  00        DB          0x0
 000002BF  00        DB          0x0
 000002C0  00        DB          0x0
 000002C1  00        DB          0x0
 000002C2  00        DB          0x0
 000002C3  00        DB          0x0
 000002C4  00        DB          0x0
 000002C5  00        DB          0x0
 000002C6  00        DB          0x0
 000002C7  00        DB          0x0
 000002C8  00        DB          0x0
 000002C9  00        DB          0x0
 000002CA  01        DB          0x1
 000002CB  01        DB          0x1
 000002CC  01        DB          0x1
ARM COMPILER V2.54a,  bmp_Maska                                                            20/08/10  17:30:49  PAGE 14  

 000002CD  01        DB          0x1
 000002CE  01        DB          0x1
 000002CF  01        DB          0x1
 000002D0  01        DB          0x1
 000002D1  01        DB          0x1
 000002D2  01        DB          0x1
 000002D3  01        DB          0x1
 000002D4  01        DB          0x1
 000002D5  01        DB          0x1
 000002D6  01        DB          0x1
 000002D7  01        DB          0x1
 000002D8  01        DB          0x1
 000002D9  01        DB          0x1
 000002DA  01        DB          0x1
 000002DB  01        DB          0x1
 000002DC  01        DB          0x1
 000002DD  01        DB          0x1
 000002DE  01        DB          0x1
 000002DF  00        DB          0x0
 000002E0  00        DB          0x0
 000002E1  00        DB          0x0
 000002E2  00        DB          0x0
 000002E3  00        DB          0x0
 000002E4  00        DB          0x0
 000002E5  00        DB          0x0
 000002E6  00        DB          0x0
 000002E7  00        DB          0x0
 000002E8  00        DB          0x0
 000002E9  00        DB          0x0
 000002EA  00        DB          0x0
 000002EB  00        DB          0x0
 000002EC  00        DB          0x0
 000002ED  00        DB          0x0
 000002EE  00        DB          0x0
 000002EF  00        DB          0x0
 000002F0  00        DB          0x0
 000002F1  00        DB          0x0
 000002F2  00        DB          0x0
 000002F3  00        DB          0x0
 000002F4  00        DB          0x0
 000002F5  00        DB          0x0
 000002F6  00        DB          0x0
 000002F7  00        DB          0x0
 000002F8  00        DB          0x0
 000002F9  00        DB          0x0
 000002FA  00        DB          0x0
 000002FB  00        DB          0x0
 000002FC  00        DB          0x0
 000002FD  00        DB          0x0
 000002FE  00        DB          0x0
 000002FF  00        DB          0x0
 00000300  00        DB          0x0
 00000301  00        DB          0x0
 00000302  00        DB          0x0
 00000303  00        DB          0x0
 00000304  00        DB          0x0
 00000305  00        DB          0x0
 00000306  00        DB          0x0
 00000307  00        DB          0x0
 00000308  00        DB          0x0
 00000309  00        DB          0x0
 0000030A  00        DB          0x0
 0000030B  00        DB          0x0
 0000030C  00        DB          0x0
 0000030D  00        DB          0x0
 0000030E  00        DB          0x0
ARM COMPILER V2.54a,  bmp_Maska                                                            20/08/10  17:30:49  PAGE 15  

 0000030F  00        DB          0x0
 00000310  00        DB          0x0
 00000311  00        DB          0x0
 00000312  00        DB          0x0
 00000313  00        DB          0x0
 00000314  00        DB          0x0
 00000315  00        DB          0x0
 00000316  00        DB          0x0
 00000317  07        DB          0x7
 00000318  1F        DB          0x1F
 00000319  7F        DB          0x7F
 0000031A  7F        DB          0x7F
 0000031B  FF        DB          0xFF
 0000031C  FF        DB          0xFF
 0000031D  FF        DB          0xFF
 0000031E  FF        DB          0xFF
 0000031F  FF        DB          0xFF
 00000320  FF        DB          0xFF
 00000321  FF        DB          0xFF
 00000322  FF        DB          0xFF
 00000323  FF        DB          0xFF
 00000324  FF        DB          0xFF
 00000325  FF        DB          0xFF
 00000326  FF        DB          0xFF
 00000327  7F        DB          0x7F
 00000328  7F        DB          0x7F
 00000329  1F        DB          0x1F
 0000032A  0F        DB          0xF
 0000032B  00        DB          0x0
 0000032C  00        DB          0x0
 0000032D  00        DB          0x0
 0000032E  00        DB          0x0
 0000032F  00        DB          0x0
 00000330  00        DB          0x0
 00000331  00        DB          0x0
 00000332  00        DB          0x0
 00000333  00        DB          0x0
 00000334  00        DB          0x0
 00000335  00        DB          0x0
 00000336  00        DB          0x0
 00000337  00        DB          0x0
 00000338  00        DB          0x0
 00000339  00        DB          0x0
 0000033A  00        DB          0x0
 0000033B  00        DB          0x0
 0000033C  00        DB          0x0
 0000033D  00        DB          0x0
 0000033E  00        DB          0x0
 0000033F  00        DB          0x0
 00000340  00        DB          0x0
 00000341  00        DB          0x0
 00000342  00        DB          0x0
 00000343  00        DB          0x0
 00000344  00        DB          0x0
 00000345  00        DB          0x0
 00000346  00        DB          0x0
 00000347  00        DB          0x0
 00000348  00        DB          0x0
 00000349  00        DB          0x0
 0000034A  00        DB          0x0
 0000034B  00        DB          0x0
 0000034C  00        DB          0x0
 0000034D  00        DB          0x0
 0000034E  00        DB          0x0
 0000034F  00        DB          0x0
 00000350  00        DB          0x0
ARM COMPILER V2.54a,  bmp_Maska                                                            20/08/10  17:30:49  PAGE 16  

 00000351  00        DB          0x0
 00000352  00        DB          0x0
 00000353  00        DB          0x0
 00000354  00        DB          0x0
 00000355  00        DB          0x0
 00000356  00        DB          0x0
 00000357  00        DB          0x0
 00000358  00        DB          0x0
 00000359  00        DB          0x0
 0000035A  00        DB          0x0
 0000035B  00        DB          0x0
 0000035C  00        DB          0x0
 0000035D  00        DB          0x0
 0000035E  00        DB          0x0
 0000035F  00        DB          0x0
 00000360  00        DB          0x0
 00000361  00        DB          0x0
 00000362  00        DB          0x0
 00000363  00        DB          0x0
 00000364  00        DB          0x0
 00000365  00        DB          0x0
 00000366  00        DB          0x0
 00000367  00        DB          0x0
 00000368  00        DB          0x0
 00000369  00        DB          0x0
 0000036A  00        DB          0x0
 0000036B  00        DB          0x0
 0000036C  00        DB          0x0
 0000036D  00        DB          0x0
 0000036E  00        DB          0x0
 0000036F  00        DB          0x0
 00000370  00        DB          0x0
 00000371  00        DB          0x0
 00000372  00        DB          0x0
 00000373  00        DB          0x0
 00000374  00        DB          0x0
 00000375  00        DB          0x0
 00000376  00        DB          0x0
 00000377  00        DB          0x0
 00000378  00        DB          0x0
 00000379  00        DB          0x0
 0000037A  00        DB          0x0
 0000037B  00        DB          0x0
 0000037C  00        DB          0x0
 0000037D  00        DB          0x0
 0000037E  00        DB          0x0
 0000037F  00        DB          0x0
 00000380  00        DB          0x0
 00000381  00        DB          0x0
 00000382  00        DB          0x0
 00000383  00        DB          0x0
 00000384  00        DB          0x0
 00000385  00        DB          0x0
 00000386  00        DB          0x0
 00000387  00        DB          0x0
 00000388  00        DB          0x0
 00000389  00        DB          0x0
 0000038A  00        DB          0x0
 0000038B  00        DB          0x0
 0000038C  00        DB          0x0
 0000038D  00        DB          0x0
 0000038E  00        DB          0x0
 0000038F  00        DB          0x0
 00000390  00        DB          0x0
 00000391  00        DB          0x0
 00000392  00        DB          0x0
ARM COMPILER V2.54a,  bmp_Maska                                                            20/08/10  17:30:49  PAGE 17  

 00000393  00        DB          0x0
 00000394  00        DB          0x0
 00000395  00        DB          0x0
 00000396  00        DB          0x0
 00000397  00        DB          0x0
 00000398  00        DB          0x0
 00000399  00        DB          0x0
 0000039A  00        DB          0x0
 0000039B  00        DB          0x0
 0000039C  01        DB          0x1
 0000039D  01        DB          0x1
 0000039E  01        DB          0x1
 0000039F  01        DB          0x1
 000003A0  01        DB          0x1
 000003A1  01        DB          0x1
 000003A2  01        DB          0x1
 000003A3  01        DB          0x1
 000003A4  01        DB          0x1
 000003A5  01        DB          0x1
 000003A6  00        DB          0x0
 000003A7  00        DB          0x0
 000003A8  00        DB          0x0
 000003A9  00        DB          0x0
 000003AA  00        DB          0x0
 000003AB  00        DB          0x0
 000003AC  00        DB          0x0
 000003AD  00        DB          0x0
 000003AE  00        DB          0x0
 000003AF  00        DB          0x0
 000003B0  00        DB          0x0
 000003B1  00        DB          0x0
 000003B2  00        DB          0x0
 000003B3  00        DB          0x0
 000003B4  00        DB          0x0
 000003B5  00        DB          0x0
 000003B6  00        DB          0x0
 000003B7  00        DB          0x0
 000003B8  00        DB          0x0
 000003B9  00        DB          0x0
 000003BA  00        DB          0x0
 000003BB  00        DB          0x0
 000003BC  00        DB          0x0
 000003BD  00        DB          0x0
 000003BE  00        DB          0x0
 000003BF  00        DB          0x0
 000003C0  00        DB          0x0
 000003C1  00        DB          0x0
 000003C2  00        DB          0x0
 000003C3  00        DB          0x0
 000003C4  00        DB          0x0
 000003C5  00        DB          0x0
 000003C6  00        DB          0x0
 000003C7  00        DB          0x0
 000003C8  00        DB          0x0
 000003C9  00        DB          0x0
 000003CA  00        DB          0x0
 000003CB  00        DB          0x0
 000003CC  00        DB          0x0
 000003CD  00        DB          0x0
 000003CE  00        DB          0x0
 000003CF  00        DB          0x0
 000003D0  00        DB          0x0
 000003D1  00        DB          0x0
 000003D2  00        DB          0x0
 000003D3  00        DB          0x0
 000003D4  00        DB          0x0
ARM COMPILER V2.54a,  bmp_Maska                                                            20/08/10  17:30:49  PAGE 18  

 000003D5  00        DB          0x0
 000003D6  00        DB          0x0
 000003D7  00        DB          0x0
 000003D8  00        DB          0x0
 000003D9  00        DB          0x0
 000003DA  00        DB          0x0
 000003DB  00        DB          0x0
 000003DC  00        DB          0x0
 000003DD  00        DB          0x0
 000003DE  00        DB          0x0
 000003DF  00        DB          0x0
 000003E0  00        DB          0x0
 000003E1  00        DB          0x0
 000003E2  00        DB          0x0
 000003E3  00        DB          0x0
 000003E4  00        DB          0x0
 000003E5  00        DB          0x0
 000003E6  00        DB          0x0
 000003E7  00        DB          0x0
 000003E8  00        DB          0x0
 000003E9  00        DB          0x0
 000003EA  00        DB          0x0
 000003EB  00        DB          0x0
 000003EC  00        DB          0x0
 000003ED  00        DB          0x0
 000003EE  00        DB          0x0
 000003EF  00        DB          0x0
 000003F0  00        DB          0x0
 000003F1  00        DB          0x0
 000003F2  00        DB          0x0
 000003F3  00        DB          0x0
 000003F4  00        DB          0x0
 000003F5  00        DB          0x0
 000003F6  00        DB          0x0
 000003F7  00        DB          0x0
 000003F8  00        DB          0x0
 000003F9  00        DB          0x0
 000003FA  00        DB          0x0
 000003FB  00        DB          0x0
 000003FC  00        DB          0x0
 000003FD  00        DB          0x0
 000003FE  00        DB          0x0
 000003FF  00        DB          0x0
 00000400           END_INIT


ARM COMPILER V2.54a,  bmp_Maska                                                            20/08/10  17:30:49  PAGE 19  

Name                                    Class    Space Type   Offset   Size
---------------------------------------------------------------------------

maska_bmp. . . . . . . . . . . . . . .  public   const array  000000H  1024


Module Information          Static
----------------------------------
  code size            =    ------
  data size            =    ------
  const size           =      1024
End of Module Information.


ARM COMPILATION COMPLETE.  0 WARNING(S),  0 ERROR(S)
