ARM COMPILER V2.53,  Demo                                                                  13/04/16  17:45:05  PAGE 1   


ARM COMPILER V2.53, COMPILATION OF MODULE Demo
OBJECT MODULE PLACED IN .\Obj\Demo.obj
COMPILER INVOKED BY: C:\KeilUV3\ARM\BIN\CA.exe Demo.c ARM BROWSE INCDIR(..\..\..\INC;..\..\..\OBJ) DEBUG SYMBOLS PRINT(.
                    -\LST\DEMO.LST) TABS(4) OBJECT(.\Obj\Demo.obj) 

stmt  level    source

    1          /*
    2           * Project name:
    3               DEMO (CAN Network demonstration with CAN onboard module)
    4               2nd Board demo
    5           * Description:
    6                The Can_1st node initiates the communication with the Can_2nd node by
    7                sending some data to its address. The 2nd node responds by sending back
    8                the data. 
    9           * Test configuration:
   10               MCU:             LPC2148
   11               Dev.Board:       Primer
   12               Oscillator:      12.0 MHz (cclk = 60.0 MHz, Fcco = 240.0 MHz)
   13               SW:              KEIL uVision3 v3.50
   14           * BOARD NOTES:
   15               - Turn on CAN-CS, CAN-RST & CAN-INT located on SW2 DIP switch
   16               - Turn on MOSI, MISO & SCK located on SW4 DIP switch
   17               - Connect CANs with 2-wire cable (L-L, H-H)
   18               - The indicator of good communication in this example is,
   19                 that the _1st node always displays EVEN data on PORTF P1[31..24],
   20                 whilst the _2nd node always displays ODD data on PORTF P1[31..24].
   21          */
   22          
   23          
   24          #include <LPC214X.H>
   25          
   26          #include "CAN_SPIsw.h"
   27          #include "CAN_SPIconst.h"
   28          #include "SPIsw.h"
   29          #include "Utility.h"
   30          
   31          
   32          unsigned char
   33              aa, aa1, aa2,
   34              len,
   35              zr,
   36              cont,
   37              oldstate,
   38              data[8];
   39          
   40          unsigned long
   41              id;
   42          
   43          
   44          
   45          int main (void)
   46          {
   47   1          PINSEL0 = 0;
   48   1          PINSEL1 = 0;
   49   1          PINSEL2 &= 0x0000000C;
   50   1      
   51   1      
   52   1          //--- prepare port PORT1[23..16] as Initialization progress indicator
   53   1          IOCLR1 |= ((unsigned long)0xFF << 16);          // PORT1[23..16] = 0
   54   1          IODIR1 |= ((unsigned long)0xFF << 16);          // PORT1[23..16] output
   55   1          //--- prepare port PORT1[31..24] as Data Value indicator
   56   1          IOCLR1 |= ((unsigned long)0xFF << 24);          // PORT1[31..24] = 0
   57   1          IODIR1 |= ((unsigned long)0xFF << 24);          // PORT1[31..24] output
   58   1      
ARM COMPILER V2.53,  Demo                                                                  13/04/16  17:45:05  PAGE 2   

   59   1          //--- initialize SPI (mode 0,0)
   60   1          IODIR0 |= ((unsigned long)1 << 11);                 // P0.11 output
   61   1          IODIR0 |= ((unsigned long)1 << 10);                 // P0.10 output
   62   1          IOSET0 |= ((unsigned long)1 << 11);                 // P0.11 = 1            // RESET line
   63   1          IOCLR0 |= ((unsigned long)1 << 10);                 // P0.10 = 0            // CS line
   64   1      
   65   1          SPI_init(&IOPIN0, 10/*CS*/, 5/*MISO*/, 6/*MOSI*/, 4/*SCK*/, 0/*CPOL*/, 0/*CPHA*/);
   66   1      
   67   1          //--- configure CAN_SPI module
   68   1          aa = 0;
   69   1          aa1 = 0;
   70   1          aa2 = 0;
   71   1          aa =    CAN_CONFIG_SAMPLE_THRICE &                      // form value to be used
   72   1                      CAN_CONFIG_PHSEG2_PRG_ON &                      // with CANSPIInitialize
   73   1                      CAN_CONFIG_STD_MSG &
   74   1                      CAN_CONFIG_DBL_BUFFER_ON &
   75   1                      CAN_CONFIG_VALID_XTD_MSG;
   76   1          aa1 =   CAN_TX_PRIORITY_0 &                                     // form value to be used
   77   1                      CAN_TX_XTD_FRAME &                                      // with CANSPIWrite
   78   1                      CAN_TX_NO_RTR_FRAME;
   79   1          IOSET0 |= (1 << 10);                                                // set CS line for CAN module high (inactive)
   80   1          id = -1;                                                                        // id temporarily used for SetMask operation
   81   1          CANSPIInitialize(1,1,3,3,1,aa);                         // initialize external CAN module
   82   1          IOCLR1 |= (0xFF << 16);                                         // PORT1[23..16] = 3;
   83   1          IOSET1 |= (0x03 << 16);
   84   1      
   85   1          CANSPISetOperationMode(CAN_MODE_CONFIG,0xFF);       // set CONFIGURATION mode
   86   1          IOCLR1 |= (0xFF << 16);                                         // PORT1[23..16] = 4;
   87   1          IOSET1 |= (0x04 << 16);
   88   1      
   89   1          CANSPISetMask(CAN_MASK_B1,id,CAN_CONFIG_XTD_MSG);                       // set all mask1 bits to ones
   90   1          CANSPISetMask(CAN_MASK_B2,id,CAN_CONFIG_XTD_MSG);                       // set all mask2 bits to ones
   91   1          CANSPISetFilter(CAN_FILTER_B2_F4,12111,CAN_CONFIG_XTD_MSG);         // set id of filter B1_F1 to 12111
   92   1          CANSPISetOperationMode(CAN_MODE_NORMAL,0xFF);                               // set NORMAL mode
   93   1          IOCLR1 |= (0xFF << 16);                                         // PORT1[23..16] = 5;
   94   1          IOSET1 |= (0x05 << 16);
   95   1      
   96   1          data[0] = 9;
   97   1          data[1] = 0x81;
   98   1          id = 3;
   99   1          IOCLR1 |= (0xFF << 16);                                         // PORT1[23..16] = 255;
  100   1          IOSET1 |= (0xFF << 16);
  101   1      
  102   1      
  103   1          while (1)
  104   1          {
  105   2              zr = CANSPIRead(&id , data , &len, &aa2);
  106   2              if ((id == 12111) && zr)                                    // respond only to data from node No.12111
  107   2              {
  108   3                  IOCLR1 |= (0xFF << 16);                                 // output data at PORT1[23..16]
  109   3                  IOSET1 |= ((unsigned long)data[0] << 16) & 0x00FF0000;
  110   3                  data[0]++ ;
  111   3      
  112   3      //          // if  message contains two data bytes...
  113   3      //          if (len == 2)
  114   3      //          {
  115   3      //              IOCLR1 |= (0xFF << 16);                                 // output data at PORT1[23..16]
  116   3      //              IOSET1 |= ((unsigned long)data[1] << 16) & 0x00FF0000;
  117   3      //          }
  118   3      
  119   3                  id = 3;                                                     // id contains CAN network ID of this node
  120   3                  CANSPIWrite(id, data,8,aa1);                                // send incremented data back
  121   3              }
  122   2          }
  123   1      }
ARM COMPILER V2.53,  Demo                                                                  13/04/16  17:45:05  PAGE 3   

ASSEMBLY LISTING OF GENERATED OBJECT CODE



*** EXTERNALS:
 EXTERN CODE32 (CANSPIInitialize?A)
 EXTERN CODE32 (CANSPISetOperationMode?A)
 EXTERN CODE32 (CANSPISetMask?A)
 EXTERN CODE32 (CANSPISetFilter?A)
 EXTERN CODE32 (CANSPIRead?A)
 EXTERN CODE32 (CANSPIWrite?A)
 EXTERN CODE32 (SPI_init?A)
 EXTERN NUMBER (__startup)



*** PUBLICS:
 PUBLIC         main
 PUBLIC         aa
 PUBLIC         aa1
 PUBLIC         aa2
 PUBLIC         len
 PUBLIC         zr
 PUBLIC         cont
 PUBLIC         oldstate
 PUBLIC         data
 PUBLIC         id



*** DATA SEGMENT '?DT0?Demo':
 00000000          id:
 00000000            DS          4
 00000004          aa:
 00000004            DS          1
 00000005          aa1:
 00000005            DS          1
 00000006          aa2:
 00000006            DS          1
 00000007          len:
 00000007            DS          1
 00000008          zr:
 00000008            DS          1
 00000009          cont:
 00000009            DS          1
 0000000A          oldstate:
 0000000A            DS          1
 0000000B          data:
 0000000B            DS          8



*** CODE SEGMENT '?PR?main?Demo':
   45: int main (void)
 00000000  E92D4000  STMDB       R13!,{LR}
   47:     PINSEL0 = 0;
 00000004  E3A01000  MOV         R1,#0x0
 00000008  E5100000  LDR         R0,=0xE002C000
 0000000C  E5801000  STR         R1,[R0,#0x0]
   48:     PINSEL1 = 0;
 00000010  E5100000  LDR         R0,=0xE002C004
 00000014  E5801000  STR         R1,[R0,#0x0]
   49:     PINSEL2 &= 0x0000000C;
 00000018  E5100000  LDR         R0,=0xE002C014
 0000001C  E5901000  LDR         R1,[R0,#0x0]
 00000020  E201100C  AND         R1,R1,#0x000C
 00000024  E5801000  STR         R1,[R0,#0x0]
   53:     IOCLR1 |= ((unsigned long)0xFF << 16);          // PORT1[23..16] = 0
 00000028  E5100000  LDR         R0,=0xE002801C
 0000002C  E5901000  LDR         R1,[R0,#0x0]
 00000030  E38118FF  ORR         R1,R1,#0xFF0000
 00000034  E5801000  STR         R1,[R0,#0x0]
   54:     IODIR1 |= ((unsigned long)0xFF << 16);          // PORT1[23..16] output
ARM COMPILER V2.53,  Demo                                                                  13/04/16  17:45:05  PAGE 4   

 00000038  E5100000  LDR         R0,=0xE0028018
 0000003C  E5901000  LDR         R1,[R0,#0x0]
 00000040  E38118FF  ORR         R1,R1,#0xFF0000
 00000044  E5801000  STR         R1,[R0,#0x0]
   56:     IOCLR1 |= ((unsigned long)0xFF << 24);          // PORT1[31..24] = 0
 00000048  E5100000  LDR         R0,=0xE002801C
 0000004C  E5901000  LDR         R1,[R0,#0x0]
 00000050  E38114FF  ORR         R1,R1,#0xFF000000
 00000054  E5801000  STR         R1,[R0,#0x0]
   57:     IODIR1 |= ((unsigned long)0xFF << 24);          // PORT1[31..24] output
 00000058  E5100000  LDR         R0,=0xE0028018
 0000005C  E5901000  LDR         R1,[R0,#0x0]
 00000060  E38114FF  ORR         R1,R1,#0xFF000000
 00000064  E5801000  STR         R1,[R0,#0x0]
   60:     IODIR0 |= ((unsigned long)1 << 11);                 // P0.11 output
 00000068  E5100000  LDR         R0,=0xE0028008
 0000006C  E5901000  LDR         R1,[R0,#0x0]
 00000070  E3811B02  ORR         R1,R1,#0x0800
 00000074  E5801000  STR         R1,[R0,#0x0]
   61:     IODIR0 |= ((unsigned long)1 << 10);                 // P0.10 output
 00000078  E5100000  LDR         R0,=0xE0028008
 0000007C  E5901000  LDR         R1,[R0,#0x0]
 00000080  E3811B01  ORR         R1,R1,#0x0400
 00000084  E5801000  STR         R1,[R0,#0x0]
   62:     IOSET0 |= ((unsigned long)1 << 11);                 // P0.11 = 1            // RESET line
 00000088  E5100000  LDR         R0,=0xE0028004
 0000008C  E5901000  LDR         R1,[R0,#0x0]
 00000090  E3811B02  ORR         R1,R1,#0x0800
 00000094  E5801000  STR         R1,[R0,#0x0]
   63:     IOCLR0 |= ((unsigned long)1 << 10);                 // P0.10 = 0            // CS line
 00000098  E5100000  LDR         R0,=0xE002800C
 0000009C  E5901000  LDR         R1,[R0,#0x0]
 000000A0  E3811B01  ORR         R1,R1,#0x0400
 000000A4  E5801000  STR         R1,[R0,#0x0]
   65:     SPI_init(&IOPIN0, 10/*CS*/, 5/*MISO*/, 6/*MOSI*/, 4/*SCK*/, 0/*CPOL*/, 0/*CPHA*/);
 000000A8  E3A00000  MOV         R0,#0x0
 000000AC  E92D0001  STMDB       R13!,{R0}
 000000B0  E92D0001  STMDB       R13!,{R0}
 000000B4  E3A00004  MOV         R0,#0x4
 000000B8  E92D0001  STMDB       R13!,{R0}
 000000BC  E5100000  LDR         R0,=0xE0028000
 000000C0  E3A0100A  MOV         R1,#0xA
 000000C4  E3A02005  MOV         R2,#0x5
 000000C8  E3A03006  MOV         R3,#0x6
 000000CC  EBFFFFCB  BL          SPI_init?A  ; Targ=0x0
 000000D0  E28DD00C  ADD         R13,R13,#0x000C
   68:     aa = 0;
 000000D4  E3A01000  MOV         R1,#0x0
 000000D8  E5100000  LDR         R0,=aa ; aa
 000000DC  E5C01000  STRB        R1,[R0,#0x0] ; aa
   69:     aa1 = 0;
 000000E0  E5100000  LDR         R0,=aa1 ; aa1
 000000E4  E5C01000  STRB        R1,[R0,#0x0] ; aa1
   70:     aa2 = 0;
 000000E8  E5100000  LDR         R0,=aa2 ; aa2
 000000EC  E5C01000  STRB        R1,[R0,#0x0] ; aa2
   71:     aa =    CAN_CONFIG_SAMPLE_THRICE &                      // form value to be used
 000000F0  E3A010DB  MOV         R1,#0xDB
 000000F4  E5100000  LDR         R0,=aa ; aa
 000000F8  E5C01000  STRB        R1,[R0,#0x0] ; aa
   76:     aa1 =   CAN_TX_PRIORITY_0 &                                     // form value to be used
 000000FC  E3A010F4  MOV         R1,#0xF4
 00000100  E5100000  LDR         R0,=aa1 ; aa1
 00000104  E5C01000  STRB        R1,[R0,#0x0] ; aa1
   79:     IOSET0 |= (1 << 10);                                                // set CS line for CAN module high (inactive)
 00000108  E5100000  LDR         R0,=0xE0028004
ARM COMPILER V2.53,  Demo                                                                  13/04/16  17:45:05  PAGE 5   

 0000010C  E5901000  LDR         R1,[R0,#0x0]
 00000110  E3811B01  ORR         R1,R1,#0x0400
 00000114  E5801000  STR         R1,[R0,#0x0]
   80:     id = -1;                                                                        // id temporarily used for SetMask operation
 00000118  E3E01000  MVN         R1,#0x0
 0000011C  E5100000  LDR         R0,=id ; id
 00000120  E5801000  STR         R1,[R0,#0x0] ; id
   81:     CANSPIInitialize(1,1,3,3,1,aa);                         // initialize external CAN module
 00000124  E5100000  LDR         R0,=aa ; aa
 00000128  E5D00000  LDRB        R0,[R0,#0x0] ; aa
 0000012C  E92D0001  STMDB       R13!,{R0}
 00000130  E3A01001  MOV         R1,#0x1
 00000134  E92D0002  STMDB       R13!,{R1}
 00000138  E1A00001  MOV         R0,R1
 0000013C  E3A03003  MOV         R3,#0x3
 00000140  E1A02003  MOV         R2,R3
 00000144  EBFFFFAD  BL          CANSPIInitialize?A  ; Targ=0x0
 00000148  E28DD008  ADD         R13,R13,#0x0008
   82:     IOCLR1 |= (0xFF << 16);                                         // PORT1[23..16] = 3;
 0000014C  E5100000  LDR         R0,=0xE002801C
 00000150  E5901000  LDR         R1,[R0,#0x0]
 00000154  E38118FF  ORR         R1,R1,#0xFF0000
 00000158  E5801000  STR         R1,[R0,#0x0]
   83:     IOSET1 |= (0x03 << 16);
 0000015C  E5100000  LDR         R0,=0xE0028014
 00000160  E5901000  LDR         R1,[R0,#0x0]
 00000164  E3811803  ORR         R1,R1,#0x30000
 00000168  E5801000  STR         R1,[R0,#0x0]
   85:     CANSPISetOperationMode(CAN_MODE_CONFIG,0xFF);       // set CONFIGURATION mode
 0000016C  E3A00080  MOV         R0,#0x80
 00000170  E3A010FF  MOV         R1,#0xFF
 00000174  EBFFFFA1  BL          CANSPISetOperationMode?A  ; Targ=0x0
   86:     IOCLR1 |= (0xFF << 16);                                         // PORT1[23..16] = 4;
 00000178  E5100000  LDR         R0,=0xE002801C
 0000017C  E5901000  LDR         R1,[R0,#0x0]
 00000180  E38118FF  ORR         R1,R1,#0xFF0000
 00000184  E5801000  STR         R1,[R0,#0x0]
   87:     IOSET1 |= (0x04 << 16);
 00000188  E5100000  LDR         R0,=0xE0028014
 0000018C  E5901000  LDR         R1,[R0,#0x0]
 00000190  E3811701  ORR         R1,R1,#0x40000
 00000194  E5801000  STR         R1,[R0,#0x0]
   89:     CANSPISetMask(CAN_MASK_B1,id,CAN_CONFIG_XTD_MSG);                       // set all mask1 bits to ones
 00000198  E5100000  LDR         R0,=id ; id
 0000019C  E5901000  LDR         R1,[R0,#0x0] ; id
 000001A0  E3A00000  MOV         R0,#0x0
 000001A4  E3A020F7  MOV         R2,#0xF7
 000001A8  EBFFFF94  BL          CANSPISetMask?A  ; Targ=0x0
   90:     CANSPISetMask(CAN_MASK_B2,id,CAN_CONFIG_XTD_MSG);                       // set all mask2 bits to ones
 000001AC  E5100000  LDR         R0,=id ; id
 000001B0  E5901000  LDR         R1,[R0,#0x0] ; id
 000001B4  E3A00001  MOV         R0,#0x1
 000001B8  E3A020F7  MOV         R2,#0xF7
 000001BC  EBFFFF8F  BL          CANSPISetMask?A  ; Targ=0x0
   91:     CANSPISetFilter(CAN_FILTER_B2_F4,12111,CAN_CONFIG_XTD_MSG);         // set id of filter B1_F1 to 12111
 000001C0  E3A00005  MOV         R0,#0x5
 000001C4  E5101000  LDR         R1,=0x2F4F
 000001C8  E3A020F7  MOV         R2,#0xF7
 000001CC  EBFFFF8B  BL          CANSPISetFilter?A  ; Targ=0x0
   92:     CANSPISetOperationMode(CAN_MODE_NORMAL,0xFF);                               // set NORMAL mode
 000001D0  E3A00000  MOV         R0,#0x0
 000001D4  E3A010FF  MOV         R1,#0xFF
 000001D8  EBFFFF88  BL          CANSPISetOperationMode?A  ; Targ=0x0
   93:     IOCLR1 |= (0xFF << 16);                                         // PORT1[23..16] = 5;
 000001DC  E5100000  LDR         R0,=0xE002801C
 000001E0  E5901000  LDR         R1,[R0,#0x0]
ARM COMPILER V2.53,  Demo                                                                  13/04/16  17:45:05  PAGE 6   

 000001E4  E38118FF  ORR         R1,R1,#0xFF0000
 000001E8  E5801000  STR         R1,[R0,#0x0]
   94:     IOSET1 |= (0x05 << 16);
 000001EC  E5100000  LDR         R0,=0xE0028014
 000001F0  E5901000  LDR         R1,[R0,#0x0]
 000001F4  E3811805  ORR         R1,R1,#0x50000
 000001F8  E5801000  STR         R1,[R0,#0x0]
   96:     data[0] = 9;
 000001FC  E3A01009  MOV         R1,#0x9
 00000200  E5100000  LDR         R0,=data ; data
 00000204  E5C01000  STRB        R1,[R0,#0x0] ; data
   97:     data[1] = 0x81;
 00000208  E3A01081  MOV         R1,#0x81
 0000020C  E5100000  LDR         R0,=data + 0x1 ; data+1
 00000210  E5C01000  STRB        R1,[R0,#0x0] ; data+1
   98:     id = 3;
 00000214  E3A01003  MOV         R1,#0x3
 00000218  E5100000  LDR         R0,=id ; id
 0000021C  E5801000  STR         R1,[R0,#0x0] ; id
   99:     IOCLR1 |= (0xFF << 16);                                         // PORT1[23..16] = 255;
 00000220  E5100000  LDR         R0,=0xE002801C
 00000224  E5901000  LDR         R1,[R0,#0x0]
 00000228  E38118FF  ORR         R1,R1,#0xFF0000
 0000022C  E5801000  STR         R1,[R0,#0x0]
  100:     IOSET1 |= (0xFF << 16);
 00000230  E5100000  LDR         R0,=0xE0028014
 00000234  E5901000  LDR         R1,[R0,#0x0]
 00000238  E38118FF  ORR         R1,R1,#0xFF0000
 0000023C  E5801000  STR         R1,[R0,#0x0]
  103:     while (1)
 00000240          L_3:
  105:         zr = CANSPIRead(&id , data , &len, &aa2);
 00000240  E5100000  LDR         R0,=id ; id
 00000244  E5101000  LDR         R1,=data ; data
 00000248  E5102000  LDR         R2,=len ; len
 0000024C  E5103000  LDR         R3,=aa2 ; aa2
 00000250  EBFFFF6A  BL          CANSPIRead?A  ; Targ=0x0
 00000254  E5101000  LDR         R1,=zr ; zr
 00000258  E5C10000  STRB        R0,[R1,#0x0] ; zr
  106:         if ((id == 12111) && zr)                                    // respond only to data from node No.12111
 0000025C  E5100000  LDR         R0,=id ; id
 00000260  E5900000  LDR         R0,[R0,#0x0] ; id
 00000264  E5101000  LDR         R1,=0x2F4F
 00000268  E1500001  CMP         R0,R1
 0000026C  1AFFFFF3  BNE         L_3  ; Targ=0x240
 00000270  E5100000  LDR         R0,=zr ; zr
 00000274  E5D00000  LDRB        R0,[R0,#0x0] ; zr
 00000278  E3500000  CMP         R0,#0x0000
 0000027C  0AFFFFEF  BEQ         L_3  ; Targ=0x240
  108:             IOCLR1 |= (0xFF << 16);                                 // output data at PORT1[23..16]
 00000280  E5100000  LDR         R0,=0xE002801C
 00000284  E5901000  LDR         R1,[R0,#0x0]
 00000288  E38118FF  ORR         R1,R1,#0xFF0000
 0000028C  E5801000  STR         R1,[R0,#0x0]
  109:             IOSET1 |= ((unsigned long)data[0] << 16) & 0x00FF0000;
 00000290  E5100000  LDR         R0,=data ; data
 00000294  E5D00000  LDRB        R0,[R0,#0x0] ; data
 00000298  E1A02000  MOV         R2,R0
 0000029C  E1A02802  MOV         R2,R2,LSL #16
 000002A0  E20228FF  AND         R2,R2,#0xFF0000
 000002A4  E5100000  LDR         R0,=0xE0028014
 000002A8  E5901000  LDR         R1,[R0,#0x0]
 000002AC  E1811002  ORR         R1,R1,R2
 000002B0  E5801000  STR         R1,[R0,#0x0]
  110:             data[0]++ ;
 000002B4  E5100000  LDR         R0,=data ; data
ARM COMPILER V2.53,  Demo                                                                  13/04/16  17:45:05  PAGE 7   

 000002B8  E5D01000  LDRB        R1,[R0,#0x0] ; data
 000002BC  E2811001  ADD         R1,R1,#0x0001
 000002C0  E5C01000  STRB        R1,[R0,#0x0] ; data
  119:             id = 3;                                                     // id contains CAN network ID of this node
 000002C4  E3A01003  MOV         R1,#0x3
 000002C8  E5100000  LDR         R0,=id ; id
 000002CC  E5801000  STR         R1,[R0,#0x0] ; id
  120:             CANSPIWrite(id, data,8,aa1);                                // send incremented data back
 000002D0  E5100000  LDR         R0,=aa1 ; aa1
 000002D4  E5D00000  LDRB        R0,[R0,#0x0] ; aa1
 000002D8  E1A03000  MOV         R3,R0
 000002DC  E5100000  LDR         R0,=id ; id
 000002E0  E5900000  LDR         R0,[R0,#0x0] ; id
 000002E4  E5101000  LDR         R1,=data ; data
 000002E8  E3A02008  MOV         R2,#0x8
 000002EC  EBFFFF43  BL          CANSPIWrite?A  ; Targ=0x0
  122:     }
 000002F0  EAFFFFD2  B           L_3  ; Targ=0x240
  123: }
 000002F4  E8BD0008  LDMIA       R13!,{R3}
 000002F8  E12FFF13  BX          R3
 000002FC          ENDP ; 'main'

ARM COMPILER V2.53,  Demo                                                                  13/04/16  17:45:05  PAGE 8   

Name                                    Class    Space Type   Offset   Size
---------------------------------------------------------------------------

CANSPIInitialize?A . . . . . . . . . .  extern   code  funct  000000H  
CANSPISetOperationMode?A . . . . . . .  extern   code  funct  000000H  
CANSPISetMask?A. . . . . . . . . . . .  extern   code  funct  000000H  
CANSPISetFilter?A. . . . . . . . . . .  extern   code  funct  000000H  
CANSPIRead?A . . . . . . . . . . . . .  extern   code  funct  000000H  
CANSPIWrite?A. . . . . . . . . . . . .  extern   code  funct  000000H  
SPI_init?A . . . . . . . . . . . . . .  extern   code  funct  000000H  
main . . . . . . . . . . . . . . . . .  public   code  funct  000000H  
aa . . . . . . . . . . . . . . . . . .  public   data  uchar  000004H  1
aa1. . . . . . . . . . . . . . . . . .  public   data  uchar  000005H  1
aa2. . . . . . . . . . . . . . . . . .  public   data  uchar  000006H  1
len. . . . . . . . . . . . . . . . . .  public   data  uchar  000007H  1
zr . . . . . . . . . . . . . . . . . .  public   data  uchar  000008H  1
cont . . . . . . . . . . . . . . . . .  public   data  uchar  000009H  1
oldstate . . . . . . . . . . . . . . .  public   data  uchar  00000AH  1
data . . . . . . . . . . . . . . . . .  public   data  array  00000BH  8
id . . . . . . . . . . . . . . . . . .  public   data  ulong  000000H  4


Module Information          Static
----------------------------------
  code size            =    ------
  data size            =        19
  const size           =    ------
End of Module Information.


ARM COMPILATION COMPLETE.  0 WARNING(S),  0 ERROR(S)
