AA MACRO ASSEMBLER RSTARTUP                                                                 14/07/10 16:33:37 PAGE     1


MACRO ASSEMBLER AA V2.50
OBJECT MODULE PLACED IN .\Obj\Startup.obj
ASSEMBLER INVOKED BY: C:\Keil\ARM\BIN\AA.exe Startup.S BROWSE DEBUG PRINT(.\Lst\Startup.lst) OBJECT(.\Obj\Startup.obj) EP

LOC      OBJ             LINE     SOURCE

                          1     
                          2     
                          3     
                          4     
                          5     
                          6     
                          7     
                          8     
                          9     
                         10     
                         11     
                         12     
                         13     
                         14     
                         15     
                         16     
                         17     
                         18     
                         19     
                         20     
                         21     
                         22     
                         23     
                         24     
                         25     
                         26     
                         27     
                         28     
                         29     
                         30     
                         31     
                         32     
                         33     
                         34     
                         35     
                         36     
                         37     
                         38     
                         39     
 0010                    40             Mode_USR  EQU      0x10
 0011                    41             Mode_FIQ  EQU      0x11
 0012                    42             Mode_IRQ  EQU      0x12
 0013                    43             Mode_SVC  EQU      0x13
 0017                    44             Mode_ABT  EQU      0x17
 001B                    45             Mode_UND  EQU      0x1B
 001F                    46             Mode_SYS  EQU      0x1F
                         47     
 0080                    48             I_Bit     EQU      0x80     
 0040                    49             F_Bit     EQU      0x40     
                         50     
                         51     
                         52     
                         53     
                         54     
                         55     
                         56     
                         57     
                         58     
AA MACRO ASSEMBLER RSTARTUP                                                                 14/07/10 16:33:37 PAGE     2

                         59     
                         60     
                         61     
 0004                    62             UND_Stack_Size  EQU     0x00000004
 0004                    63             SVC_Stack_Size  EQU     0x00000004
 0004                    64             ABT_Stack_Size  EQU     0x00000004
 0004                    65             FIQ_Stack_Size  EQU     0x00000004
 0080                    66             IRQ_Stack_Size  EQU     0x00000080
 0400                    67             USR_Stack_Size  EQU     0x00000400
                         68     
00000000                 69     AREA   STACK, DATA, READWRITE, ALIGN=2
00000000                 70             DS   (USR_Stack_Size+3)&~3  ; Stack for User/System Mode 
00000400                 71             DS   (SVC_Stack_Size+3)&~3  ; Stack for Supervisor Mode
00000404                 72             DS   (IRQ_Stack_Size+3)&~3  ; Stack for Interrupt Mode
00000484                 73             DS   (FIQ_Stack_Size+3)&~3  ; Stack for Fast Interrupt Mode 
00000488                 74             DS   (ABT_Stack_Size+3)&~3  ; Stack for Abort Mode
0000048C                 75             DS   (UND_Stack_Size+3)&~3  ; Stack for Undefined Mode
00000490                 76     Top_Stack:
                         77     
                         78     
                         79     
 E01FC100                80             VPBDIV          EQU     0xE01FC100   
                         81     
                         82     
                         83     
                         84     
                         85     
                         86     
                         87     
                         88     
                         89     
                         90     
                         91     
                         92     
                         93     
                         94     
 0001                    95             VPBDIV_SETUP    EQU     1
 0000                    96             VPBDIV_Val      EQU     0x00000000
                         97     
                         98     
                         99     
 E01FC080               100             PLL_BASE        EQU     0xE01FC080   
 0000                   101             PLLCON_OFS      EQU     0x00         
 0004                   102             PLLCFG_OFS      EQU     0x04         
 0008                   103             PLLSTAT_OFS     EQU     0x08         
 000C                   104             PLLFEED_OFS     EQU     0x0C         
 0001                   105             PLLCON_PLLE     EQU     (1<<0)       
 0002                   106             PLLCON_PLLC     EQU     (1<<1)       
 001F                   107             PLLCFG_MSEL     EQU     (0x1F<<0)    
 0060                   108             PLLCFG_PSEL     EQU     (0x03<<5)    
 0400                   109             PLLSTAT_PLOCK   EQU     (1<<10)      
                        110     
                        111     
                        112     
                        113     
                        114     
                        115     
                        116     
                        117     
                        118     
                        119     
                        120     
                        121     
                        122     
                        123     
                        124     
AA MACRO ASSEMBLER RSTARTUP                                                                 14/07/10 16:33:37 PAGE     3

                        125     
                        126     
 0001                   127             PLL_SETUP       EQU     1
 0024                   128             PLLCFG_Val      EQU     0x00000024
                        129     
                        130     
                        131     
 E01FC000               132             MAM_BASE        EQU     0xE01FC000   
 0000                   133             MAMCR_OFS       EQU     0x00         
 0004                   134             MAMTIM_OFS      EQU     0x04         
                        135     
                        136     
                        137     
                        138     
                        139     
                        140     
                        141     
                        142     
                        143     
                        144     
                        145     
                        146     
                        147     
                        148     
                        149     
 0001                   150             MAM_SETUP       EQU     1
 0002                   151             MAMCR_Val       EQU     0x00000002
 0004                   152             MAMTIM_Val      EQU     0x00000004
                        153     
                        154     
                        155     
                        156     
                        157     $if      (EXTMEM_MODE)
                                        CODE_BASE       EQU     0x80000000
                                $elseif  (RAM_MODE)
                                        CODE_BASE       EQU     0x40000000
                                $else 
 0000                   162             CODE_BASE       EQU     0x00000000
                        163     $endif 
                        164     
00000000                165     AREA   STARTUPCODE, CODE, AT CODE_BASE    
                        166            PUBLIC  __startup
                        167     
                        168            EXTERN  CODE32 (?C?INIT)
                        169     
                        170     __startup       PROC    CODE32
                        171     
                        172     
                        173     
                        174     EXTERN CODE32 (Undef_Handler?A)
                        175     EXTERN CODE32 (SWI_Handler?A)
                        176     EXTERN CODE32 (PAbt_Handler?A)
                        177     EXTERN CODE32 (DAbt_Handler?A)
                        178     EXTERN CODE32 (IRQ_Handler?A)
                        179     EXTERN CODE32 (FIQ_Handler?A)
                        180     
                        181     
                        182     
                        183     
                        184     
00000000 E59FF020       185     Vectors:        LDR     PC,Reset_Addr         
00000004 E59FF024       186                     LDR     PC,Undef_Addr
00000008 E59FF028       187                     LDR     PC,SWI_Addr
0000000C E59FF02C       188                     LDR     PC,PAbt_Addr
00000010 E59FF030       189                     LDR     PC,DAbt_Addr
00000014 E1A00000       190                     NOP                             
AA MACRO ASSEMBLER RSTARTUP                                                                 14/07/10 16:33:37 PAGE     4

                        191     ;               LDR     PC,IRQ_Addr
00000018 E51FFFF0       192                     LDR     PC,[PC, #-0x0FF0]       
0000001C E59FF03C       193                     LDR     PC,FIQ_Addr
                        194     
00000020 00000040 R     195     Reset_Addr:     DD      Reset_Handler
00000024 00000000 E     196     Undef_Addr:     DD      Undef_Handler?A
00000028 00000000 E     197     SWI_Addr:       DD      SWI_Handler?A
0000002C 00000000 E     198     PAbt_Addr:      DD      PAbt_Handler?A
00000030 00000000 E     199     DAbt_Addr:      DD      DAbt_Handler?A
00000034 00000000       200                     DD      0                       
00000038 00000000 E     201     IRQ_Addr:       DD      IRQ_Handler?A
0000003C 00000000 E     202     FIQ_Addr:       DD      FIQ_Handler?A
                        203     
                        204     
                        205     
                        206     
00000040                207     Reset_Handler:  
                        208     
                        209     
                        210     IF (VPBDIV_SETUP != 0)
00000040 E59F0034       211                     LDR     R0, =VPBDIV
00000044 E3A01000       212                     LDR     R1, =VPBDIV_Val
00000048 E5801000       213                     STR     R1, [R0]
                        214     ENDIF
                        215     
                        216     
                        217     IF (PLL_SETUP != 0)
0000004C E59F0034       218                     LDR     R0, =PLL_BASE
00000050 E3A010AA       219                     MOV     R1, #0xAA
00000054 E3A02055       220                     MOV     R2, #0x55
                        221     
                        222     
00000058 E3A03024       223                     MOV     R3, #PLLCFG_Val
0000005C E5803004       224                     STR     R3, [R0, #PLLCFG_OFS] 
00000060 E3A03001       225                     MOV     R3, #PLLCON_PLLE
00000064 E5803000       226                     STR     R3, [R0, #PLLCON_OFS]
00000068 E580100C       227                     STR     R1, [R0, #PLLFEED_OFS]
0000006C E580200C       228                     STR     R2, [R0, #PLLFEED_OFS]
                        229     
                        230     
00000070 E5903008       231     PLL_Loop:       LDR     R3, [R0, #PLLSTAT_OFS]
00000074 E2133B01       232                     ANDS    R3, R3, #PLLSTAT_PLOCK
00000078 0AFFFFFC       233                     BEQ     PLL_Loop
                        234     
                        235     
0000007C E3A03003       236                     MOV     R3, #(PLLCON_PLLE | PLLCON_PLLC)
00000080 E5803000       237                     STR     R3, [R0, #PLLCON_OFS]
00000084 E580100C       238                     STR     R1, [R0, #PLLFEED_OFS]
00000088 E580200C       239                     STR     R2, [R0, #PLLFEED_OFS]
                        240     ENDIF
                        241     
                        242     
                        243     IF (MAM_SETUP != 0)
0000008C E59F0034       244                     LDR     R0, =MAM_BASE
00000090 E3A01004       245                     MOV     R1, #MAMTIM_Val
00000094 E5801004       246                     STR     R1, [R0, #MAMTIM_OFS] 
00000098 E3A01002       247                     MOV     R1, #MAMCR_Val
0000009C E5801000       248                     STR     R1, [R0, #MAMCR_OFS] 
                        249     ENDIF
                        250     
                        251     
                        252     
 E01FC040               253                     MEMMAP  EQU  0xE01FC040   
                        254     
                        255     $if  (REMAP)
                                                LDR     R0, =MEMMAP
AA MACRO ASSEMBLER RSTARTUP                                                                 14/07/10 16:33:37 PAGE     5

                                $if      (EXTMEM_MODE)                
                                                MOV     R1, #3
                                $elseif  (RAM_MODE)                
                                                MOV     R1, #2
                                $else 
                                                MOV     R1, #1
                                $endif                 
                                                STR     R1, [R0]
                                $endif 
                        266     
                        267     
                        268     
000000A0 E59F0034       269                     LDR     R0, =Top_Stack
                        270     
                        271     
000000A4 E321F0DB       272                     MSR     CPSR_c, #Mode_UND|I_Bit|F_Bit
000000A8 E1A0D000       273                     MOV     SP, R0
000000AC E2400004       274                     SUB     R0, R0, #UND_Stack_Size
                        275     
                        276     
000000B0 E321F0D7       277                     MSR     CPSR_c, #Mode_ABT|I_Bit|F_Bit
000000B4 E1A0D000       278                     MOV     SP, R0
000000B8 E2400004       279                     SUB     R0, R0, #ABT_Stack_Size
                        280     
                        281     
000000BC E321F0D1       282                     MSR     CPSR_c, #Mode_FIQ|I_Bit|F_Bit
000000C0 E1A0D000       283                     MOV     SP, R0
000000C4 E2400004       284                     SUB     R0, R0, #FIQ_Stack_Size
                        285     
                        286     
000000C8 E321F0D2       287                     MSR     CPSR_c, #Mode_IRQ|I_Bit|F_Bit
000000CC E1A0D000       288                     MOV     SP, R0
000000D0 E2400080       289                     SUB     R0, R0, #IRQ_Stack_Size
                        290     
                        291     
000000D4 E321F0D3       292                     MSR     CPSR_c, #Mode_SVC|I_Bit|F_Bit
000000D8 E1A0D000       293                     MOV     SP, R0
000000DC E2400004       294                     SUB     R0, R0, #SVC_Stack_Size
                        295     
                        296     
000000E0 E321F010       297                     MSR     CPSR_c, #Mode_USR
000000E4 E1A0D000       298                     MOV     SP, R0
                        299     
                        300     
000000E8 E59F0034       301                     LDR     R0,=?C?INIT
000000EC E3100001       302                     TST     R0,#1       ; Bit-0 set: INIT is Thumb
000000F0 E3A0E0FC       303                     LDREQ   LR,=exit?A  ; ARM Mode
000000F4 E3A0EC01       304                     LDRNE   LR,=exit?T  ; Thumb Mode
000000F8 E12FFF10       305                     BX      R0
                        306                     ENDP
                        307     
                        308     PUBLIC exit?A
                        309     exit?A          PROC    CODE32
000000FC EAFFFFFE       310                     B       exit?A
                        311                     ENDP
                        312     
                        313     PUBLIC exit?T
                        314     exit?T          PROC    CODE16
00000100 E7FE           315     exit:           B       exit?T
                        316                     ENDP
                        317     
                        318     
                        319                     END
AA MACRO ASSEMBLER RSTARTUP                                                                 14/07/10 16:33:37 PAGE     6

SYMBOL TABLE LISTING
------ ----- -------


N A M E             T Y P E  V A L U E     ATTRIBUTES

?C?INIT. . . . . .  C  ADDR  -------       EXT
ABT_Stack_Size . .  -- ----  0004H     A   
CODE_BASE. . . . .  -- ----  0000H     A   
DAbt_Addr. . . . .  C  ADDR  0030H     R   SEG=STARTUPCODE
DAbt_Handler?A . .  C  ADDR  -------       EXT
FIQ_Addr . . . . .  C  ADDR  003CH     R   SEG=STARTUPCODE
FIQ_Handler?A. . .  C  ADDR  -------       EXT
FIQ_Stack_Size . .  -- ----  0004H     A   
F_Bit. . . . . . .  -- ----  0040H     A   
IRQ_Addr . . . . .  C  ADDR  0038H     R   SEG=STARTUPCODE
IRQ_Handler?A. . .  C  ADDR  -------       EXT
IRQ_Stack_Size . .  -- ----  0080H     A   
I_Bit. . . . . . .  -- ----  0080H     A   
MAMCR_OFS. . . . .  -- ----  0000H     A   
MAMCR_Val. . . . .  -- ----  0002H     A   
MAMTIM_OFS . . . .  -- ----  0004H     A   
MAMTIM_Val . . . .  -- ----  0004H     A   
MAM_BASE . . . . .  -- ----  E01FC000H A   
MAM_SETUP. . . . .  -- ----  0001H     A   
MEMMAP . . . . . .  -- ----  E01FC040H A   
Mode_ABT . . . . .  -- ----  0017H     A   
Mode_FIQ . . . . .  -- ----  0011H     A   
Mode_IRQ . . . . .  -- ----  0012H     A   
Mode_SVC . . . . .  -- ----  0013H     A   
Mode_SYS . . . . .  -- ----  001FH     A   
Mode_UND . . . . .  -- ----  001BH     A   
Mode_USR . . . . .  -- ----  0010H     A   
PAbt_Addr. . . . .  C  ADDR  002CH     R   SEG=STARTUPCODE
PAbt_Handler?A . .  C  ADDR  -------       EXT
PLLCFG_MSEL. . . .  -- ----  001FH     A   
PLLCFG_OFS . . . .  -- ----  0004H     A   
PLLCFG_PSEL. . . .  -- ----  0060H     A   
PLLCFG_Val . . . .  -- ----  0024H     A   
PLLCON_OFS . . . .  -- ----  0000H     A   
PLLCON_PLLC. . . .  -- ----  0002H     A   
PLLCON_PLLE. . . .  -- ----  0001H     A   
PLLFEED_OFS. . . .  -- ----  000CH     A   
PLLSTAT_OFS. . . .  -- ----  0008H     A   
PLLSTAT_PLOCK. . .  -- ----  0400H     A   
PLL_BASE . . . . .  -- ----  E01FC080H A   
PLL_Loop . . . . .  C  ADDR  0070H     R   SEG=STARTUPCODE
PLL_SETUP. . . . .  -- ----  0001H     A   
Reset_Addr . . . .  C  ADDR  0020H     R   SEG=STARTUPCODE
Reset_Handler. . .  C  ADDR  0040H     R   SEG=STARTUPCODE
STACK. . . . . . .  D  SEG   0490H         REL=UNIT, ALN=BYTE
STARTUPCODE. . . .  C  SEG   0102H         REL=ABS, ALN=BYTE
SVC_Stack_Size . .  -- ----  0004H     A   
SWI_Addr . . . . .  C  ADDR  0028H     R   SEG=STARTUPCODE
SWI_Handler?A. . .  C  ADDR  -------       EXT
Top_Stack. . . . .  D  ADDR  0490H     R   SEG=STACK
UND_Stack_Size . .  -- ----  0004H     A   
USR_Stack_Size . .  -- ----  0400H     A   
Undef_Addr . . . .  C  ADDR  0024H     R   SEG=STARTUPCODE
Undef_Handler?A. .  C  ADDR  -------       EXT
VPBDIV . . . . . .  -- ----  E01FC100H A   
VPBDIV_SETUP . . .  -- ----  0001H     A   
VPBDIV_Val . . . .  -- ----  0000H     A   
Vectors. . . . . .  C  ADDR  0000H     R   SEG=STARTUPCODE
__startup. . . . .  C  ADDR  0000H     R   SEG=STARTUPCODE
exit . . . . . . .  C  ADDR  0100H     R   SEG=STARTUPCODE
AA MACRO ASSEMBLER RSTARTUP                                                                 14/07/10 16:33:37 PAGE     7

exit?A . . . . . .  C  ADDR  00FCH     R   SEG=STARTUPCODE
exit?T . . . . . .  C  ADDR  0100H     R   SEG=STARTUPCODE


ASSEMBLY COMPLETE.  0 WARNING(S), 0 ERROR(S).
